[0mGET /users [32m200 [0m28.444 ms - 808[0m
[0mGET / [32m200 [0m9.580 ms - 2[0m
[0mGET /users [32m200 [0m37.253 ms - 808[0m
[0mGET /favicon.ico [0m- [0m- ms - -[0m
[0mDELETE /users/17 [32m200 [0m26.498 ms - 37[0m
[0mGET /users [32m200 [0m7.878 ms - 675[0m
[0mGET /favicon.ico [0m- [0m- ms - -[0m
[0mPOST /users/ [33m404 [0m40.894 ms - 1269[0m
[0mGET /users [36m304 [0m7.399 ms - -[0m
[0mGET /favicon.ico [0m- [0m- ms - -[0m
[0mGET /users [36m304 [0m9.021 ms - -[0m
[0mGET /favicon.ico [0m- [0m- ms - -[0m
[0mGET /users [36m304 [0m7.308 ms - -[0m
[0mGET /favicon.ico [0m- [0m- ms - -[0m
[0mGET /users [36m304 [0m10.266 ms - -[0m
[0mGET /favicon.ico [0m- [0m- ms - -[0m
[0mGET /users [36m304 [0m5.541 ms - -[0m
[0mGET /favicon.ico [0m- [0m- ms - -[0m
[0mGET /users [36m304 [0m5.685 ms - -[0m
[0mGET /favicon.ico [0m- [0m- ms - -[0m
[0mGET /users [36m304 [0m5.147 ms - -[0m
[0mGET /favicon.ico [0m- [0m- ms - -[0m
[0mGET /users [36m304 [0m5.106 ms - -[0m
[0mGET /favicon.ico [0m- [0m- ms - -[0m
[0mGET /users [36m304 [0m6.742 ms - -[0m
[0mGET /favicon.ico [0m- [0m- ms - -[0m
[0mGET /users [36m304 [0m5.505 ms - -[0m
[0mGET /favicon.ico [0m- [0m- ms - -[0m
[0mGET / [32m200 [0m8.532 ms - 2[0m
[0mGET /users [33m404 [0m24.531 ms - 561[0m
[0mGET /favicon.ico [0m- [0m- ms - -[0m
[0mGET /users [33m404 [0m28.208 ms - 575[0m
[0mGET /users [33m404 [0m7.934 ms - 575[0m
[0mGET /favicon.ico [0m- [0m- ms - -[0m
[0mPOST /users/ [33m404 [0m29.785 ms - 878[0m
[0mGET /users [33m404 [0m8.113 ms - 575[0m
[0mGET /favicon.ico [0m- [0m- ms - -[0m
[0mPOST /users/ [33m404 [0m5.330 ms - 878[0m
[0mGET /users [33m404 [0m39.240 ms - 575[0m
[0mGET /favicon.ico [0m- [0m- ms - -[0m
[0mGET /users [32m200 [0m19.850 ms - 2[0m
[0mGET /users [36m304 [0m14.031 ms - -[0m
[0mGET /favicon.ico [0m- [0m- ms - -[0m
[0mPOST /users/ [32m200 [0m37.530 ms - 57[0m
[0mGET /users [32m200 [0m9.690 ms - 57[0m
[0mGET /favicon.ico [0m- [0m- ms - -[0m
[0mGET /users/1 [32m200 [0m13.766 ms - 55[0m
[0mPUT /users/1 [32m200 [0m20.704 ms - 3[0m
[0mGET /users [32m200 [0m7.327 ms - 54[0m
[0mGET /favicon.ico [0m- [0m- ms - -[0m
[0mPOST /users/ [32m200 [0m8.080 ms - 57[0m
[0mGET /users [32m200 [0m5.460 ms - 110[0m
[0mGET /favicon.ico [0m- [0m- ms - -[0m
[0mPOST /users/ [33m404 [0m18.272 ms - 945[0m
[0mGET /users [36m304 [0m3.404 ms - -[0m
[0mGET /favicon.ico [0m- [0m- ms - -[0m
[0mDELETE /users/2 [32m200 [0m10.533 ms - 37[0m
[0mGET /users [32m200 [0m4.392 ms - 54[0m
[0mGET /favicon.ico [0m- [0m- ms - -[0m
[0mGET /users [33m404 [0m97.077 ms - 483[0m
[0mGET /users [32m200 [0m27.541 ms - 2[0m
[0mGET /users [36m304 [0m4.360 ms - -[0m
[0mGET /favicon.ico [0m- [0m- ms - -[0m
[0mGET /users [36m304 [0m4.973 ms - -[0m
[0mGET /favicon.ico [0m- [0m- ms - -[0m
[0mGET /users [36m304 [0m5.983 ms - -[0m
[0mGET /favicon.ico [0m- [0m- ms - -[0m
[0mGET /users [36m304 [0m4.333 ms - -[0m
[0mGET /favicon.ico [0m- [0m- ms - -[0m
